This file contains any messages produced by compilers while
running configure, to aid debugging if configure makes a mistake.

configure:609: checking for a BSD compatible install
configure:662: checking whether build environment is sane
configure:719: checking whether make sets ${MAKE}
configure:765: checking for working aclocal
configure:778: checking for working autoconf
configure:791: checking for working automake
configure:804: checking for working autoheader
configure:817: checking for working makeinfo
configure:913: checking host system type
configure:934: checking build system type
configure:954: checking for ranlib
configure:984: checking for gcc
configure:1097: checking whether the C compiler (gcc  ) works
configure:1113: gcc -o conftest    conftest.c  1>&5
configure:1139: checking whether the C compiler (gcc  ) is a cross-compiler
configure:1144: checking whether we are using GNU C
configure:1153: gcc -E conftest.c
configure:1172: checking whether gcc accepts -g
configure:1215: checking for ld used by GCC
configure:1278: checking if the linker (/usr/bin/ld) is GNU ld
GNU ld version 2.12.90.0.7 20020423
configure:1294: checking for BSD-compatible nm
configure:1331: checking whether ln -s works
ltconfig:603: checking for object suffix
ltconfig:604: gcc -c -g -O2  conftest.c 1>&5
ltconfig:629: checking for executable suffix
ltconfig:630: gcc -o conftest -g -O2   conftest.c  1>&5
ltconfig:776: checking if gcc PIC flag -fPIC works
ltconfig:777: gcc -c -g -O2 -fPIC -DPIC  conftest.c 1>&5
ltconfig:829: checking if gcc supports -c -o file.o
ltconfig:830: gcc -c -g -O2 -o out/conftest2.o  conftest.c 1>&5
ltconfig:862: checking if gcc supports -c -o file.lo
ltconfig:863: gcc -c -g -O2 -c -o conftest.lo  conftest.c 1>&5
ltconfig:914: checking if gcc supports -fno-rtti -fno-exceptions
ltconfig:915: gcc -c -g -O2 -fno-rtti -fno-exceptions -c conftest.c  conftest.c 1>&5
ltconfig:958: checking if gcc static flag -static works
ltconfig:959: gcc -o conftest -g -O2   -static conftest.c  1>&5
GNU ld version 2.12.90.0.7 20020423
ltconfig:1592: checking if global_symbol_pipe works
ltconfig:1593: gcc -c -g -O2  conftest.c 1>&5
ltconfig:1596: eval "/usr/bin/nm -B conftest.o | sed -n -e 's/^.*[ 	]\([ABCDGISTW]\)[ 	][ 	]*\(\)\([_A-Za-z][_A-Za-z0-9]*\)$/\1 \2\3 \3/p' > conftest.nm"
ltconfig:1648: gcc -o conftest -g -O2 -fno-builtin -fno-rtti -fno-exceptions   conftest.c conftstm.o 1>&5
configure:1537: checking for a BSD compatible install
configure:1592: checking for gcc
configure:1705: checking whether the C compiler (gcc -g -O2 ) works
configure:1721: gcc -o conftest -g -O2   conftest.c  1>&5
configure:1747: checking whether the C compiler (gcc -g -O2 ) is a cross-compiler
configure:1752: checking whether we are using GNU C
configure:1780: checking whether gcc accepts -g
configure:1816: checking for c++
configure:1848: checking whether the C++ compiler (c++  ) works
configure:1864: c++ -o conftest    conftest.C  1>&5
configure:1890: checking whether the C++ compiler (c++  ) is a cross-compiler
configure:1895: checking whether we are using GNU C++
configure:1904: c++ -E conftest.C
configure:1923: checking whether c++ accepts -g
configure:1955: checking whether make sets ${MAKE}
configure:1991: checking how to run the C preprocessor
configure:2012: gcc -E  conftest.c >/dev/null 2>conftest.out
configure:2071: checking for ANSI C header files
configure:2084: gcc -E  conftest.c >/dev/null 2>conftest.out
configure:2151: gcc -o conftest -g -O2   conftest.c  1>&5
configure:2178: checking for sys/types.h
configure:2188: gcc -E  conftest.c >/dev/null 2>conftest.out
configure:2178: checking for stdlib.h
configure:2188: gcc -E  conftest.c >/dev/null 2>conftest.out
configure:2178: checking for stdio.h
configure:2188: gcc -E  conftest.c >/dev/null 2>conftest.out
configure:2178: checking for errno.h
configure:2188: gcc -E  conftest.c >/dev/null 2>conftest.out
configure:2178: checking for string.h
configure:2188: gcc -E  conftest.c >/dev/null 2>conftest.out
configure:2178: checking for assert.h
configure:2188: gcc -E  conftest.c >/dev/null 2>conftest.out
configure:2252: gcc -o conftest -g -O2   conftest.c  1>&5
configure:2309: gcc -o conftest -g -O2   conftest.c  1>&5
configure:2366: gcc -o conftest -g -O2   conftest.c  1>&5
configure:2423: gcc -o conftest -g -O2   conftest.c  1>&5
